<?xml version="1.0" encoding="UTF-8"?>
<testsuite name="Test1"
           tests="7"
           failures="1"
           errors="0"
           skipped="6"
           time="0.011">
    <properties></properties>

            <testcase
                name="beforeachTest"
                time="0.007"
                classname="TestCase.NewTest">

            <failure type="org.openqa.selenium.WebDriverException" message="permission denied
Build info: version: &apos;3.141.59&apos;, revision: &apos;e82be7d358&apos;, time: &apos;2018-11-14T08:25:48&apos;
System info: host: &apos;JYOTHI&apos;, ip: &apos;192.168.6.5&apos;, os.name: &apos;Windows 10&apos;, os.arch: &apos;amd64&apos;, os.version: &apos;10.0&apos;, java.version: &apos;1.8.0_102&apos;
Driver info: driver.version: FirefoxDriver
remote stacktrace: ">
                <![CDATA[org.openqa.selenium.WebDriverException: permission denied
Build info: version: '3.141.59', revision: 'e82be7d358', time: '2018-11-14T08:25:48'
System info: host: 'JYOTHI', ip: '192.168.6.5', os.name: 'Windows 10', os.arch: 'amd64', os.version: '10.0', java.version: '1.8.0_102'
Driver info: driver.version: FirefoxDriver
remote stacktrace: 
                sun.reflect.NativeConstructorAccessorImpl.newInstance0(Native Method)sun.reflect.NativeConstructorAccessorImpl.newInstance(NativeConstructorAccessorImpl.java:62)sun.reflect.DelegatingConstructorAccessorImpl.newInstance(DelegatingConstructorAccessorImpl.java:45)java.lang.reflect.Constructor.newInstance(Constructor.java:423)org.openqa.selenium.remote.W3CHandshakeResponse.lambda$errorHandler$0(W3CHandshakeResponse.java:62)org.openqa.selenium.remote.HandshakeResponse.lambda$getResponseFunction$0(HandshakeResponse.java:30)org.openqa.selenium.remote.ProtocolHandshake.lambda$createSession$0(ProtocolHandshake.java:126)java.util.stream.ReferencePipeline$3$1.accept(ReferencePipeline.java:193)java.util.Spliterators$ArraySpliterator.tryAdvance(Spliterators.java:958)java.util.stream.ReferencePipeline.forEachWithCancel(ReferencePipeline.java:126)java.util.stream.AbstractPipeline.copyIntoWithCancel(AbstractPipeline.java:498)java.util.stream.AbstractPipeline.copyInto(AbstractPipeline.java:485)java.util.stream.AbstractPipeline.wrapAndCopyInto(AbstractPipeline.java:471)java.util.stream.FindOps$FindOp.evaluateSequential(FindOps.java:152)java.util.stream.AbstractPipeline.evaluate(AbstractPipeline.java:234)java.util.stream.ReferencePipeline.findFirst(ReferencePipeline.java:464)org.openqa.selenium.remote.ProtocolHandshake.createSession(ProtocolHandshake.java:128)org.openqa.selenium.remote.ProtocolHandshake.createSession(ProtocolHandshake.java:74)org.openqa.selenium.remote.HttpCommandExecutor.execute(HttpCommandExecutor.java:136)org.openqa.selenium.remote.service.DriverCommandExecutor.execute(DriverCommandExecutor.java:83)org.openqa.selenium.remote.RemoteWebDriver.execute(RemoteWebDriver.java:552)org.openqa.selenium.remote.RemoteWebDriver.startSession(RemoteWebDriver.java:213)org.openqa.selenium.remote.RemoteWebDriver.<init>(RemoteWebDriver.java:131)org.openqa.selenium.firefox.FirefoxDriver.<init>(FirefoxDriver.java:147)org.openqa.selenium.firefox.FirefoxDriver.<init>(FirefoxDriver.java:125)TestCase.NewTest.beforeachTest(NewTest.java:79)sun.reflect.NativeMethodAccessorImpl.invoke0(Native Method)sun.reflect.NativeMethodAccessorImpl.invoke(NativeMethodAccessorImpl.java:62)sun.reflect.DelegatingMethodAccessorImpl.invoke(DelegatingMethodAccessorImpl.java:43)java.lang.reflect.Method.invoke(Method.java:498)org.testng.internal.MethodInvocationHelper.invokeMethod(MethodInvocationHelper.java:86)org.testng.internal.Invoker.invokeConfigurationMethod(Invoker.java:515)org.testng.internal.Invoker.invokeConfigurations(Invoker.java:216)org.testng.internal.Invoker.invokeMethod(Invoker.java:590)org.testng.internal.Invoker.invokeTestMethod(Invoker.java:823)org.testng.internal.Invoker.invokeTestMethods(Invoker.java:1131)org.testng.internal.TestMethodWorker.invokeTestMethods(TestMethodWorker.java:129)org.testng.internal.TestMethodWorker.run(TestMethodWorker.java:112)org.testng.TestRunner.privateRun(TestRunner.java:778)org.testng.TestRunner.run(TestRunner.java:632)org.testng.SuiteRunner.runTest(SuiteRunner.java:366)org.testng.SuiteRunner.runSequentially(SuiteRunner.java:361)org.testng.SuiteRunner.privateRun(SuiteRunner.java:319)org.testng.SuiteRunner.run(SuiteRunner.java:268)org.testng.SuiteRunnerWorker.runSuite(SuiteRunnerWorker.java:52)org.testng.SuiteRunnerWorker.run(SuiteRunnerWorker.java:86)org.testng.TestNG.runSuitesSequentially(TestNG.java:1225)org.testng.TestNG.runSuitesLocally(TestNG.java:1150)org.testng.TestNG.runSuites(TestNG.java:1075)org.testng.TestNG.run(TestNG.java:1047)org.testng.remote.AbstractRemoteTestNG.run(AbstractRemoteTestNG.java:126)org.testng.remote.RemoteTestNG.initAndRun(RemoteTestNG.java:137)org.testng.remote.RemoteTestNG.main(RemoteTestNG.java:58)
]]>
            </failure>
    </testcase>

            <testcase
                name="afterTest"
                time="0.0"
                classname="TestCase.NewTest">
            </testcase>
            <testcase
                name="teardown"
                time="0.0"
                classname="TestCase.NewTest">
            </testcase>
            <testcase
                name="beforeachTest"
                time="0.0"
                classname="TestCase.NewTest">
            </testcase>
            <testcase
                name="afterTest"
                time="0.0"
                classname="TestCase.NewTest">
            </testcase>
            <testcase
                name="f1"
                time="0.0"
                classname="TestCase.NewTest">
            </testcase>
            <testcase
                name="f1"
                time="0.0"
                classname="TestCase.NewTest">
            </testcase>

</testsuite>
